<?xml version="1.0" encoding="UTF-8"?>
<testsuite xmlns:xsi="http://www.w3.org/2001/XMLSchema-instance" xsi:schemaLocation="https://maven.apache.org/surefire/maven-surefire-plugin/xsd/surefire-test-report.xsd" name="io.netty.bootstrap.BootstrapTest" time="6.091" tests="8" errors="0" skipped="0" failures="0">
  <properties>
[...]
</properties>
  <testcase name="testChannelFactoryFailureNotifiesPromise" classname="io.netty.bootstrap.BootstrapTest" time="0"/>
  <testcase name="testLateRegisterSuccess" classname="io.netty.bootstrap.BootstrapTest" time="1.978"/>
  <testcase name="testLateRegistrationConnect" classname="io.netty.bootstrap.BootstrapTest" time="0.001"/>
  <testcase name="testConnectDeadLock" classname="io.netty.bootstrap.BootstrapTest" time="0.037"/>
  <testcase name="testLateRegisterSuccessBindFailed" classname="io.netty.bootstrap.BootstrapTest" time="2.029"/>
  <testcase name="testBindDeadLock" classname="io.netty.bootstrap.BootstrapTest" time="0.027"/>
  <testcase name="testAsyncResolutionSuccess" classname="io.netty.bootstrap.BootstrapTest" time="0.003"/>
  <testcase name="testAsyncResolutionFailure" classname="io.netty.bootstrap.BootstrapTest" time="0.005"/>
</testsuite>